code-resources/google-maps-example/app/build/intermediates/manifest_merge_blame_file/debug/manifest-merger-blame-debug-report.txt
1<?xml version="1.0" encoding="utf-8"?>
2<manifest xmlns:android="http://schemas.android.com/apk/res/android"
3    package="op.mobile.app.dev.graysono.travelling"
4    android:versionCode="1"
5    android:versionName="1.0" >
6
7    <uses-sdk
8        android:minSdkVersion="28"
8-->src/main/AndroidManifest.xml
9        android:targetSdkVersion="30" />
9-->src/main/AndroidManifest.xml
10
11    <uses-permission android:name="android.permission.INTERNET" />
11-->src/main/AndroidManifest.xml:5:5-67
11-->src/main/AndroidManifest.xml:5:22-64
12
13    <!-- Include required permissions for Google Maps API to run. -->
14    <uses-permission android:name="android.permission.ACCESS_NETWORK_STATE" />
14-->[com.google.android.gms:play-services-maps:18.0.2] AndroidManifest.xml:23:5-79
14-->[com.google.android.gms:play-services-maps:18.0.2] AndroidManifest.xml:23:22-76
15
16    <uses-feature
16-->[com.google.android.gms:play-services-maps:18.0.2] AndroidManifest.xml:26:5-28:35
17        android:glEsVersion="0x00020000"
17-->[com.google.android.gms:play-services-maps:18.0.2] AndroidManifest.xml:27:9-41
18        android:required="true" />
18-->[com.google.android.gms:play-services-maps:18.0.2] AndroidManifest.xml:28:9-32
19
20    <queries>
20-->[com.google.android.gms:play-services-maps:18.0.2] AndroidManifest.xml:30:5-34:15
21
22        <!-- Needs to be explicitly declared on Android R+ -->
23        <package android:name="com.google.android.apps.maps" />
23-->[com.google.android.gms:play-services-maps:18.0.2] AndroidManifest.xml:33:9-64
23-->[com.google.android.gms:play-services-maps:18.0.2] AndroidManifest.xml:33:18-61
24    </queries>
25
26    <application
26-->src/main/AndroidManifest.xml:7:5-27:19
27        android:allowBackup="true"
27-->src/main/AndroidManifest.xml:8:9-35
28        android:appComponentFactory="androidx.core.app.CoreComponentFactory"
28-->[androidx.core:core:1.6.0] AndroidManifest.xml:24:18-86
29        android:debuggable="true"
30        android:extractNativeLibs="false"
31        android:icon="@mipmap/ic_launcher"
31-->src/main/AndroidManifest.xml:9:9-43
32        android:label="@string/app_name"
32-->src/main/AndroidManifest.xml:10:9-41
33        android:roundIcon="@mipmap/ic_launcher_round"
33-->src/main/AndroidManifest.xml:11:9-54
34        android:supportsRtl="true"
34-->src/main/AndroidManifest.xml:12:9-35
35        android:testOnly="true"
36        android:theme="@style/Theme.Travelling" >
36-->src/main/AndroidManifest.xml:13:9-48
37        <meta-data
37-->src/main/AndroidManifest.xml:14:9-16:55
38            android:name="com.google.android.geo.API_KEY"
38-->src/main/AndroidManifest.xml:15:13-58
39            android:value="@string/google_maps_key" />
39-->src/main/AndroidManifest.xml:16:13-52
40
41        <activity
41-->src/main/AndroidManifest.xml:17:9-26:20
42            android:name="op.mobile.app.dev.graysono.travelling.MainActivity"
42-->src/main/AndroidManifest.xml:18:13-41
43            android:label="@string/app_name"
43-->src/main/AndroidManifest.xml:19:13-45
44            android:theme="@style/Theme.Travelling.NoActionBar" >
44-->src/main/AndroidManifest.xml:20:13-64
45            <intent-filter>
45-->src/main/AndroidManifest.xml:21:13-25:29
46                <action android:name="android.intent.action.MAIN" />
46-->src/main/AndroidManifest.xml:22:17-69
46-->src/main/AndroidManifest.xml:22:25-66
47
48                <category android:name="android.intent.category.LAUNCHER" />
48-->src/main/AndroidManifest.xml:24:17-77
48-->src/main/AndroidManifest.xml:24:27-74
49            </intent-filter>
50        </activity>
51        <!-- Needs to be explicitly declared on P+ -->
52        <uses-library
52-->[com.google.android.gms:play-services-maps:18.0.2] AndroidManifest.xml:39:9-41:40
53            android:name="org.apache.http.legacy"
53-->[com.google.android.gms:play-services-maps:18.0.2] AndroidManifest.xml:40:13-50
54            android:required="false" />
54-->[com.google.android.gms:play-services-maps:18.0.2] AndroidManifest.xml:41:13-37
55
56        <meta-data
56-->[com.google.maps.android:android-maps-utils:0.5] AndroidManifest.xml:8:9-10:69
57            android:name="com.google.android.gms.version"
57-->[com.google.maps.android:android-maps-utils:0.5] AndroidManifest.xml:9:13-58
58            android:value="@integer/google_play_services_version" />
58-->[com.google.maps.android:android-maps-utils:0.5] AndroidManifest.xml:10:13-66
59
60        <activity
60-->[com.google.android.gms:play-services-base:18.0.1] AndroidManifest.xml:20:9-22:45
61            android:name="com.google.android.gms.common.api.GoogleApiActivity"
61-->[com.google.android.gms:play-services-base:18.0.1] AndroidManifest.xml:20:19-85
62            android:exported="false"
62-->[com.google.android.gms:play-services-base:18.0.1] AndroidManifest.xml:22:19-43
63            android:theme="@android:style/Theme.Translucent.NoTitleBar" />
63-->[com.google.android.gms:play-services-base:18.0.1] AndroidManifest.xml:21:19-78
64    </application>
65
66</manifest>